[ 2016-07-22T08:59:16+08:00 ] 0.0.0.0 
INFO: [ route_check ] --START--
INFO: CheckRoute Behavior ::run [ RunTime:0.003000s ]
INFO: [ route_check ] --END-- [ RunTime:0.004000s ]
NOTIC: [8192] preg_replace(): The /e modifier is deprecated, use preg_replace_callback instead F:\English\service\ThinkPHP\Lib\Core\Dispatcher.class.php 第 132 行.
NOTIC: [8] Undefined index: REQUEST_URI F:\English\service\ThinkPHP\Lib\Core\Dispatcher.class.php 第 141 行.
NOTIC: [8] Undefined index: REQUEST_METHOD F:\English\service\ThinkPHP\Lib\Core\App.class.php 第 42 行.
INFO: [ app_begin ] --START--
INFO: ReadHtmlCache Behavior ::run [ RunTime:0.017000s ]
INFO: [ app_begin ] --END-- [ RunTime:0.017000s ]
NOTIC: [8] Undefined index: REQUEST_URI F:\English\service\ThinkPHP\Lib\Core\Log.class.php 第 82 行.

[ 2016-07-22T08:59:26+08:00 ] 0.0.0.0 
INFO: [ route_check ] --START--
INFO: CheckRoute Behavior ::run [ RunTime:0.003000s ]
INFO: [ route_check ] --END-- [ RunTime:0.003000s ]
NOTIC: [8192] preg_replace(): The /e modifier is deprecated, use preg_replace_callback instead F:\English\service\ThinkPHP\Lib\Core\Dispatcher.class.php 第 132 行.
NOTIC: [8] Undefined index: REQUEST_URI F:\English\service\ThinkPHP\Lib\Core\Dispatcher.class.php 第 141 行.
NOTIC: [8] Undefined index: REQUEST_METHOD F:\English\service\ThinkPHP\Lib\Core\App.class.php 第 42 行.
INFO: [ app_begin ] --START--
INFO: ReadHtmlCache Behavior ::run [ RunTime:0.002000s ]
INFO: [ app_begin ] --END-- [ RunTime:0.002000s ]
NOTIC: [8] Undefined index: REQUEST_URI F:\English\service\ThinkPHP\Lib\Core\Log.class.php 第 82 行.

[ 2016-07-22T08:59:30+08:00 ] 0.0.0.0 
INFO: [ route_check ] --START--
INFO: CheckRoute Behavior ::run [ RunTime:0.000000s ]
INFO: [ route_check ] --END-- [ RunTime:0.078001s ]
NOTIC: [8192] preg_replace(): The /e modifier is deprecated, use preg_replace_callback instead F:\English\service\ThinkPHP\Lib\Core\Dispatcher.class.php 第 132 行.
NOTIC: [8] Undefined index: REQUEST_URI F:\English\service\ThinkPHP\Lib\Core\Dispatcher.class.php 第 141 行.
NOTIC: [8] Undefined index: REQUEST_METHOD F:\English\service\ThinkPHP\Lib\Core\App.class.php 第 42 行.
INFO: [ app_begin ] --START--
INFO: ReadHtmlCache Behavior ::run [ RunTime:0.000000s ]
INFO: [ app_begin ] --END-- [ RunTime:0.000000s ]
NOTIC: [8] Undefined index: REQUEST_URI F:\English\service\ThinkPHP\Lib\Core\Log.class.php 第 82 行.

[ 2016-07-22T09:29:05+08:00 ] 0.0.0.0 
INFO: [ route_check ] --START--
INFO: CheckRoute Behavior ::run [ RunTime:0.003000s ]
INFO: [ route_check ] --END-- [ RunTime:0.004000s ]
NOTIC: [8192] preg_replace(): The /e modifier is deprecated, use preg_replace_callback instead F:\English\service\ThinkPHP\Lib\Core\Dispatcher.class.php 第 132 行.
NOTIC: [8] Undefined index: REQUEST_URI F:\English\service\ThinkPHP\Lib\Core\Dispatcher.class.php 第 141 行.
NOTIC: [8] Undefined index: REQUEST_METHOD F:\English\service\ThinkPHP\Lib\Core\App.class.php 第 42 行.
INFO: [ app_begin ] --START--
INFO: ReadHtmlCache Behavior ::run [ RunTime:0.003000s ]
INFO: [ app_begin ] --END-- [ RunTime:0.003000s ]
NOTIC: [8] Undefined index: REQUEST_URI F:\English\service\ThinkPHP\Lib\Core\Log.class.php 第 82 行.

[ 2016-07-22T09:31:41+08:00 ] 0.0.0.0 
INFO: [ route_check ] --START--
INFO: CheckRoute Behavior ::run [ RunTime:0.003000s ]
INFO: [ route_check ] --END-- [ RunTime:0.003000s ]
NOTIC: [8192] preg_replace(): The /e modifier is deprecated, use preg_replace_callback instead F:\English\service\ThinkPHP\Lib\Core\Dispatcher.class.php 第 132 行.
NOTIC: [8] Undefined index: REQUEST_URI F:\English\service\ThinkPHP\Lib\Core\Dispatcher.class.php 第 141 行.
NOTIC: [8] Undefined index: REQUEST_METHOD F:\English\service\ThinkPHP\Lib\Core\App.class.php 第 42 行.
INFO: [ app_begin ] --START--
INFO: ReadHtmlCache Behavior ::run [ RunTime:0.002000s ]
INFO: [ app_begin ] --END-- [ RunTime:0.003000s ]
NOTIC: [8] Undefined index: REQUEST_URI F:\English\service\ThinkPHP\Lib\Core\Log.class.php 第 82 行.

[ 2016-07-22T09:31:44+08:00 ] 0.0.0.0 
INFO: [ route_check ] --START--
INFO: CheckRoute Behavior ::run [ RunTime:0.002000s ]
INFO: [ route_check ] --END-- [ RunTime:0.003000s ]
NOTIC: [8192] preg_replace(): The /e modifier is deprecated, use preg_replace_callback instead F:\English\service\ThinkPHP\Lib\Core\Dispatcher.class.php 第 132 行.
NOTIC: [8] Undefined index: REQUEST_URI F:\English\service\ThinkPHP\Lib\Core\Dispatcher.class.php 第 141 行.
NOTIC: [8] Undefined index: REQUEST_METHOD F:\English\service\ThinkPHP\Lib\Core\App.class.php 第 42 行.
INFO: [ app_begin ] --START--
INFO: ReadHtmlCache Behavior ::run [ RunTime:0.002000s ]
INFO: [ app_begin ] --END-- [ RunTime:0.002000s ]
NOTIC: [8] Undefined index: REQUEST_URI F:\English\service\ThinkPHP\Lib\Core\Log.class.php 第 82 行.

[ 2016-07-22T09:43:47+08:00 ] 0.0.0.0 
INFO: [ route_check ] --START--
INFO: CheckRoute Behavior ::run [ RunTime:0.003000s ]
INFO: [ route_check ] --END-- [ RunTime:0.003000s ]
NOTIC: [8192] preg_replace(): The /e modifier is deprecated, use preg_replace_callback instead F:\English\service\ThinkPHP\Lib\Core\Dispatcher.class.php 第 132 行.
NOTIC: [8] Undefined index: REQUEST_URI F:\English\service\ThinkPHP\Lib\Core\Dispatcher.class.php 第 141 行.
NOTIC: [8] Undefined index: REQUEST_METHOD F:\English\service\ThinkPHP\Lib\Core\App.class.php 第 42 行.
INFO: [ app_begin ] --START--
INFO: ReadHtmlCache Behavior ::run [ RunTime:0.003000s ]
INFO: [ app_begin ] --END-- [ RunTime:0.003000s ]
NOTIC: [8] Undefined index: REQUEST_URI F:\English\service\ThinkPHP\Lib\Core\Log.class.php 第 82 行.

[ 2016-07-22T09:43:49+08:00 ] 0.0.0.0 
INFO: [ route_check ] --START--
INFO: CheckRoute Behavior ::run [ RunTime:0.003001s ]
INFO: [ route_check ] --END-- [ RunTime:0.003001s ]
NOTIC: [8192] preg_replace(): The /e modifier is deprecated, use preg_replace_callback instead F:\English\service\ThinkPHP\Lib\Core\Dispatcher.class.php 第 132 行.
NOTIC: [8] Undefined index: REQUEST_URI F:\English\service\ThinkPHP\Lib\Core\Dispatcher.class.php 第 141 行.
NOTIC: [8] Undefined index: REQUEST_METHOD F:\English\service\ThinkPHP\Lib\Core\App.class.php 第 42 行.
INFO: [ app_begin ] --START--
INFO: ReadHtmlCache Behavior ::run [ RunTime:0.002000s ]
INFO: [ app_begin ] --END-- [ RunTime:0.002000s ]
NOTIC: [8] Undefined index: REQUEST_URI F:\English\service\ThinkPHP\Lib\Core\Log.class.php 第 82 行.

[ 2016-07-22T09:44:34+08:00 ] 0.0.0.0 
INFO: [ route_check ] --START--
INFO: CheckRoute Behavior ::run [ RunTime:0.003000s ]
INFO: [ route_check ] --END-- [ RunTime:0.004000s ]
NOTIC: [8192] preg_replace(): The /e modifier is deprecated, use preg_replace_callback instead F:\English\service\ThinkPHP\Lib\Core\Dispatcher.class.php 第 132 行.
NOTIC: [8] Undefined index: REQUEST_URI F:\English\service\ThinkPHP\Lib\Core\Dispatcher.class.php 第 141 行.
NOTIC: [8] Undefined index: REQUEST_METHOD F:\English\service\ThinkPHP\Lib\Core\App.class.php 第 42 行.
INFO: [ app_begin ] --START--
INFO: ReadHtmlCache Behavior ::run [ RunTime:0.003000s ]
INFO: [ app_begin ] --END-- [ RunTime:0.004000s ]
NOTIC: [8] Undefined index: REQUEST_URI F:\English\service\ThinkPHP\Lib\Core\Log.class.php 第 82 行.

[ 2016-07-22T09:50:26+08:00 ] 0.0.0.0 
INFO: [ route_check ] --START--
INFO: CheckRoute Behavior ::run [ RunTime:0.003001s ]
INFO: [ route_check ] --END-- [ RunTime:0.003001s ]
NOTIC: [8192] preg_replace(): The /e modifier is deprecated, use preg_replace_callback instead F:\English\service\ThinkPHP\Lib\Core\Dispatcher.class.php 第 132 行.
NOTIC: [8] Undefined index: REQUEST_URI F:\English\service\ThinkPHP\Lib\Core\Dispatcher.class.php 第 141 行.
NOTIC: [8] Undefined index: REQUEST_METHOD F:\English\service\ThinkPHP\Lib\Core\App.class.php 第 42 行.
INFO: [ app_begin ] --START--
INFO: ReadHtmlCache Behavior ::run [ RunTime:0.002000s ]
INFO: [ app_begin ] --END-- [ RunTime:0.003000s ]
NOTIC: [8] Undefined index: REQUEST_URI F:\English\service\ThinkPHP\Lib\Core\Log.class.php 第 82 行.

[ 2016-07-22T09:58:37+08:00 ] 0.0.0.0 
INFO: [ route_check ] --START--
INFO: CheckRoute Behavior ::run [ RunTime:0.004000s ]
INFO: [ route_check ] --END-- [ RunTime:0.004000s ]
NOTIC: [8192] preg_replace(): The /e modifier is deprecated, use preg_replace_callback instead F:\English\service\ThinkPHP\Lib\Core\Dispatcher.class.php 第 132 行.
NOTIC: [8] Undefined index: REQUEST_URI F:\English\service\ThinkPHP\Lib\Core\Dispatcher.class.php 第 141 行.
NOTIC: [8] Undefined index: REQUEST_METHOD F:\English\service\ThinkPHP\Lib\Core\App.class.php 第 42 行.
INFO: [ app_begin ] --START--
INFO: ReadHtmlCache Behavior ::run [ RunTime:0.003001s ]
INFO: [ app_begin ] --END-- [ RunTime:0.003001s ]
NOTIC: [8] Undefined index: REQUEST_URI F:\English\service\ThinkPHP\Lib\Core\Log.class.php 第 82 行.

[ 2016-07-22T10:00:12+08:00 ] 0.0.0.0 
INFO: [ route_check ] --START--
INFO: CheckRoute Behavior ::run [ RunTime:0.003000s ]
INFO: [ route_check ] --END-- [ RunTime:0.003000s ]
NOTIC: [8192] preg_replace(): The /e modifier is deprecated, use preg_replace_callback instead F:\English\service\ThinkPHP\Lib\Core\Dispatcher.class.php 第 132 行.
NOTIC: [8] Undefined index: REQUEST_URI F:\English\service\ThinkPHP\Lib\Core\Dispatcher.class.php 第 141 行.
NOTIC: [8] Undefined index: REQUEST_METHOD F:\English\service\ThinkPHP\Lib\Core\App.class.php 第 42 行.
INFO: [ app_begin ] --START--
INFO: ReadHtmlCache Behavior ::run [ RunTime:0.002000s ]
INFO: [ app_begin ] --END-- [ RunTime:0.002000s ]
NOTIC: [8] Undefined index: REQUEST_URI F:\English\service\ThinkPHP\Lib\Core\Log.class.php 第 82 行.

[ 2016-07-22T10:00:15+08:00 ] 0.0.0.0 
INFO: [ route_check ] --START--
INFO: CheckRoute Behavior ::run [ RunTime:0.003001s ]
INFO: [ route_check ] --END-- [ RunTime:0.003001s ]
NOTIC: [8192] preg_replace(): The /e modifier is deprecated, use preg_replace_callback instead F:\English\service\ThinkPHP\Lib\Core\Dispatcher.class.php 第 132 行.
NOTIC: [8] Undefined index: REQUEST_URI F:\English\service\ThinkPHP\Lib\Core\Dispatcher.class.php 第 141 行.
NOTIC: [8] Undefined index: REQUEST_METHOD F:\English\service\ThinkPHP\Lib\Core\App.class.php 第 42 行.
INFO: [ app_begin ] --START--
INFO: ReadHtmlCache Behavior ::run [ RunTime:0.003000s ]
INFO: [ app_begin ] --END-- [ RunTime:0.003000s ]
NOTIC: [8] Undefined index: REQUEST_URI F:\English\service\ThinkPHP\Lib\Core\Log.class.php 第 82 行.

[ 2016-07-22T10:00:36+08:00 ] 0.0.0.0 
INFO: [ route_check ] --START--
INFO: CheckRoute Behavior ::run [ RunTime:0.002001s ]
INFO: [ route_check ] --END-- [ RunTime:0.003001s ]
NOTIC: [8192] preg_replace(): The /e modifier is deprecated, use preg_replace_callback instead F:\English\service\ThinkPHP\Lib\Core\Dispatcher.class.php 第 132 行.
NOTIC: [8] Undefined index: REQUEST_URI F:\English\service\ThinkPHP\Lib\Core\Dispatcher.class.php 第 141 行.
NOTIC: [8] Undefined index: REQUEST_METHOD F:\English\service\ThinkPHP\Lib\Core\App.class.php 第 42 行.
INFO: [ app_begin ] --START--
INFO: ReadHtmlCache Behavior ::run [ RunTime:0.002000s ]
INFO: [ app_begin ] --END-- [ RunTime:0.003000s ]
NOTIC: [8] Undefined index: REQUEST_URI F:\English\service\ThinkPHP\Lib\Core\Log.class.php 第 82 行.

[ 2016-07-22T10:01:43+08:00 ] 0.0.0.0 
INFO: [ route_check ] --START--
INFO: CheckRoute Behavior ::run [ RunTime:0.004000s ]
INFO: [ route_check ] --END-- [ RunTime:0.004000s ]
NOTIC: [8192] preg_replace(): The /e modifier is deprecated, use preg_replace_callback instead F:\English\service\ThinkPHP\Lib\Core\Dispatcher.class.php 第 132 行.
NOTIC: [8] Undefined index: REQUEST_URI F:\English\service\ThinkPHP\Lib\Core\Dispatcher.class.php 第 141 行.
NOTIC: [8] Undefined index: REQUEST_METHOD F:\English\service\ThinkPHP\Lib\Core\App.class.php 第 42 行.
INFO: [ app_begin ] --START--
INFO: ReadHtmlCache Behavior ::run [ RunTime:0.007001s ]
INFO: [ app_begin ] --END-- [ RunTime:0.007001s ]
NOTIC: [8] Undefined index: REQUEST_URI F:\English\service\ThinkPHP\Lib\Core\Log.class.php 第 82 行.

[ 2016-07-22T10:02:00+08:00 ] 0.0.0.0 
INFO: [ route_check ] --START--
INFO: CheckRoute Behavior ::run [ RunTime:0.003000s ]
INFO: [ route_check ] --END-- [ RunTime:0.003000s ]
NOTIC: [8192] preg_replace(): The /e modifier is deprecated, use preg_replace_callback instead F:\English\service\ThinkPHP\Lib\Core\Dispatcher.class.php 第 132 行.
NOTIC: [8] Undefined index: REQUEST_URI F:\English\service\ThinkPHP\Lib\Core\Dispatcher.class.php 第 141 行.
NOTIC: [8] Undefined index: REQUEST_METHOD F:\English\service\ThinkPHP\Lib\Core\App.class.php 第 42 行.
INFO: [ app_begin ] --START--
INFO: ReadHtmlCache Behavior ::run [ RunTime:0.003000s ]
INFO: [ app_begin ] --END-- [ RunTime:0.003000s ]
NOTIC: [8] Undefined index: REQUEST_URI F:\English\service\ThinkPHP\Lib\Core\Log.class.php 第 82 行.

[ 2016-07-22T10:02:13+08:00 ] 0.0.0.0 
INFO: [ route_check ] --START--
INFO: CheckRoute Behavior ::run [ RunTime:0.004000s ]
INFO: [ route_check ] --END-- [ RunTime:0.004000s ]
NOTIC: [8192] preg_replace(): The /e modifier is deprecated, use preg_replace_callback instead F:\English\service\ThinkPHP\Lib\Core\Dispatcher.class.php 第 132 行.
NOTIC: [8] Undefined index: REQUEST_URI F:\English\service\ThinkPHP\Lib\Core\Dispatcher.class.php 第 141 行.
NOTIC: [8] Undefined index: REQUEST_METHOD F:\English\service\ThinkPHP\Lib\Core\App.class.php 第 42 行.
INFO: [ app_begin ] --START--
INFO: ReadHtmlCache Behavior ::run [ RunTime:0.005000s ]
INFO: [ app_begin ] --END-- [ RunTime:0.005000s ]
NOTIC: [8] Undefined index: REQUEST_URI F:\English\service\ThinkPHP\Lib\Core\Log.class.php 第 82 行.

[ 2016-07-22T10:02:29+08:00 ] 0.0.0.0 
INFO: [ route_check ] --START--
INFO: CheckRoute Behavior ::run [ RunTime:0.000000s ]
INFO: [ route_check ] --END-- [ RunTime:0.000000s ]
NOTIC: [8192] preg_replace(): The /e modifier is deprecated, use preg_replace_callback instead F:\English\service\ThinkPHP\Lib\Core\Dispatcher.class.php 第 132 行.
NOTIC: [8] Undefined index: REQUEST_URI F:\English\service\ThinkPHP\Lib\Core\Dispatcher.class.php 第 141 行.
NOTIC: [8] Undefined index: REQUEST_METHOD F:\English\service\ThinkPHP\Lib\Core\App.class.php 第 42 行.
INFO: [ app_begin ] --START--
INFO: ReadHtmlCache Behavior ::run [ RunTime:0.000000s ]
INFO: [ app_begin ] --END-- [ RunTime:0.000000s ]
NOTIC: [8] Undefined index: REQUEST_URI F:\English\service\ThinkPHP\Lib\Core\Log.class.php 第 82 行.

[ 2016-07-22T10:02:48+08:00 ] 0.0.0.0 
INFO: [ route_check ] --START--
INFO: CheckRoute Behavior ::run [ RunTime:0.003000s ]
INFO: [ route_check ] --END-- [ RunTime:0.003000s ]
NOTIC: [8192] preg_replace(): The /e modifier is deprecated, use preg_replace_callback instead F:\English\service\ThinkPHP\Lib\Core\Dispatcher.class.php 第 132 行.
NOTIC: [8] Undefined index: REQUEST_URI F:\English\service\ThinkPHP\Lib\Core\Dispatcher.class.php 第 141 行.
NOTIC: [8] Undefined index: REQUEST_METHOD F:\English\service\ThinkPHP\Lib\Core\App.class.php 第 42 行.
INFO: [ app_begin ] --START--
INFO: ReadHtmlCache Behavior ::run [ RunTime:0.003000s ]
INFO: [ app_begin ] --END-- [ RunTime:0.003000s ]
NOTIC: [8] Undefined index: REQUEST_URI F:\English\service\ThinkPHP\Lib\Core\Log.class.php 第 82 行.

[ 2016-07-22T10:02:50+08:00 ] 0.0.0.0 
INFO: [ route_check ] --START--
INFO: CheckRoute Behavior ::run [ RunTime:0.000000s ]
INFO: [ route_check ] --END-- [ RunTime:0.000000s ]
NOTIC: [8192] preg_replace(): The /e modifier is deprecated, use preg_replace_callback instead F:\English\service\ThinkPHP\Lib\Core\Dispatcher.class.php 第 132 行.
NOTIC: [8] Undefined index: REQUEST_URI F:\English\service\ThinkPHP\Lib\Core\Dispatcher.class.php 第 141 行.
NOTIC: [8] Undefined index: REQUEST_METHOD F:\English\service\ThinkPHP\Lib\Core\App.class.php 第 42 行.
INFO: [ app_begin ] --START--
INFO: ReadHtmlCache Behavior ::run [ RunTime:0.000000s ]
INFO: [ app_begin ] --END-- [ RunTime:0.000000s ]
NOTIC: [8] Undefined index: REQUEST_URI F:\English\service\ThinkPHP\Lib\Core\Log.class.php 第 82 行.

[ 2016-07-22T10:04:17+08:00 ] 0.0.0.0 
INFO: [ route_check ] --START--
INFO: CheckRoute Behavior ::run [ RunTime:0.003001s ]
INFO: [ route_check ] --END-- [ RunTime:0.003001s ]
NOTIC: [8192] preg_replace(): The /e modifier is deprecated, use preg_replace_callback instead F:\English\service\ThinkPHP\Lib\Core\Dispatcher.class.php 第 132 行.
NOTIC: [8] Undefined index: REQUEST_URI F:\English\service\ThinkPHP\Lib\Core\Dispatcher.class.php 第 141 行.
NOTIC: [8] Undefined index: REQUEST_METHOD F:\English\service\ThinkPHP\Lib\Core\App.class.php 第 42 行.
INFO: [ app_begin ] --START--
INFO: ReadHtmlCache Behavior ::run [ RunTime:0.003000s ]
INFO: [ app_begin ] --END-- [ RunTime:0.003000s ]
NOTIC: [8] Undefined index: REQUEST_URI F:\English\service\ThinkPHP\Lib\Core\Log.class.php 第 82 行.

[ 2016-07-22T10:06:27+08:00 ] 0.0.0.0 
INFO: [ route_check ] --START--
INFO: CheckRoute Behavior ::run [ RunTime:0.004000s ]
INFO: [ route_check ] --END-- [ RunTime:0.004000s ]
NOTIC: [8192] preg_replace(): The /e modifier is deprecated, use preg_replace_callback instead F:\English\service\ThinkPHP\Lib\Core\Dispatcher.class.php 第 132 行.
NOTIC: [8] Undefined index: REQUEST_URI F:\English\service\ThinkPHP\Lib\Core\Dispatcher.class.php 第 141 行.
NOTIC: [8] Undefined index: REQUEST_METHOD F:\English\service\ThinkPHP\Lib\Core\App.class.php 第 42 行.
INFO: [ app_begin ] --START--
INFO: ReadHtmlCache Behavior ::run [ RunTime:0.002000s ]
INFO: [ app_begin ] --END-- [ RunTime:0.002000s ]
NOTIC: [8] Undefined index: REQUEST_URI F:\English\service\ThinkPHP\Lib\Core\Log.class.php 第 82 行.

[ 2016-07-22T10:09:46+08:00 ] 0.0.0.0 
INFO: [ route_check ] --START--
INFO: CheckRoute Behavior ::run [ RunTime:0.003000s ]
INFO: [ route_check ] --END-- [ RunTime:0.003000s ]
NOTIC: [8192] preg_replace(): The /e modifier is deprecated, use preg_replace_callback instead F:\English\service\ThinkPHP\Lib\Core\Dispatcher.class.php 第 132 行.
NOTIC: [8] Undefined index: REQUEST_URI F:\English\service\ThinkPHP\Lib\Core\Dispatcher.class.php 第 141 行.
NOTIC: [8] Undefined index: REQUEST_METHOD F:\English\service\ThinkPHP\Lib\Core\App.class.php 第 42 行.
INFO: [ app_begin ] --START--
INFO: ReadHtmlCache Behavior ::run [ RunTime:0.002000s ]
INFO: [ app_begin ] --END-- [ RunTime:0.003000s ]
NOTIC: [8] Undefined index: REQUEST_URI F:\English\service\ThinkPHP\Lib\Core\Log.class.php 第 82 行.

[ 2016-07-22T10:11:02+08:00 ] 0.0.0.0 
INFO: [ route_check ] --START--
INFO: CheckRoute Behavior ::run [ RunTime:0.002000s ]
INFO: [ route_check ] --END-- [ RunTime:0.003000s ]
NOTIC: [8192] preg_replace(): The /e modifier is deprecated, use preg_replace_callback instead F:\English\service\ThinkPHP\Lib\Core\Dispatcher.class.php 第 132 行.
NOTIC: [8] Undefined index: REQUEST_URI F:\English\service\ThinkPHP\Lib\Core\Dispatcher.class.php 第 141 行.
NOTIC: [8] Undefined index: REQUEST_METHOD F:\English\service\ThinkPHP\Lib\Core\App.class.php 第 42 行.
INFO: [ app_begin ] --START--
INFO: ReadHtmlCache Behavior ::run [ RunTime:0.002000s ]
INFO: [ app_begin ] --END-- [ RunTime:0.003000s ]
NOTIC: [8] Undefined index: REQUEST_URI F:\English\service\ThinkPHP\Lib\Core\Log.class.php 第 82 行.

[ 2016-07-22T10:11:26+08:00 ] 0.0.0.0 
INFO: [ route_check ] --START--
INFO: CheckRoute Behavior ::run [ RunTime:0.004000s ]
INFO: [ route_check ] --END-- [ RunTime:0.004000s ]
NOTIC: [8192] preg_replace(): The /e modifier is deprecated, use preg_replace_callback instead F:\English\service\ThinkPHP\Lib\Core\Dispatcher.class.php 第 132 行.
NOTIC: [8] Undefined index: REQUEST_URI F:\English\service\ThinkPHP\Lib\Core\Dispatcher.class.php 第 141 行.
NOTIC: [8] Undefined index: REQUEST_METHOD F:\English\service\ThinkPHP\Lib\Core\App.class.php 第 42 行.
INFO: [ app_begin ] --START--
INFO: ReadHtmlCache Behavior ::run [ RunTime:0.002000s ]
INFO: [ app_begin ] --END-- [ RunTime:0.003000s ]
NOTIC: [8] Undefined index: REQUEST_URI F:\English\service\ThinkPHP\Lib\Core\Log.class.php 第 82 行.

[ 2016-07-22T10:11:31+08:00 ] 0.0.0.0 
INFO: [ route_check ] --START--
INFO: CheckRoute Behavior ::run [ RunTime:0.002000s ]
INFO: [ route_check ] --END-- [ RunTime:0.002000s ]
NOTIC: [8192] preg_replace(): The /e modifier is deprecated, use preg_replace_callback instead F:\English\service\ThinkPHP\Lib\Core\Dispatcher.class.php 第 132 行.
NOTIC: [8] Undefined index: REQUEST_URI F:\English\service\ThinkPHP\Lib\Core\Dispatcher.class.php 第 141 行.
NOTIC: [8] Undefined index: REQUEST_METHOD F:\English\service\ThinkPHP\Lib\Core\App.class.php 第 42 行.
INFO: [ app_begin ] --START--
INFO: ReadHtmlCache Behavior ::run [ RunTime:0.002001s ]
INFO: [ app_begin ] --END-- [ RunTime:0.002001s ]
NOTIC: [8] Undefined index: REQUEST_URI F:\English\service\ThinkPHP\Lib\Core\Log.class.php 第 82 行.

[ 2016-07-22T10:12:00+08:00 ] 0.0.0.0 
INFO: [ route_check ] --START--
INFO: CheckRoute Behavior ::run [ RunTime:0.003000s ]
INFO: [ route_check ] --END-- [ RunTime:0.003000s ]
NOTIC: [8192] preg_replace(): The /e modifier is deprecated, use preg_replace_callback instead F:\English\service\ThinkPHP\Lib\Core\Dispatcher.class.php 第 132 行.
NOTIC: [8] Undefined index: REQUEST_URI F:\English\service\ThinkPHP\Lib\Core\Dispatcher.class.php 第 141 行.
NOTIC: [8] Undefined index: REQUEST_METHOD F:\English\service\ThinkPHP\Lib\Core\App.class.php 第 42 行.
INFO: [ app_begin ] --START--
INFO: ReadHtmlCache Behavior ::run [ RunTime:0.002001s ]
INFO: [ app_begin ] --END-- [ RunTime:0.003001s ]
NOTIC: [8] Undefined index: REQUEST_URI F:\English\service\ThinkPHP\Lib\Core\Log.class.php 第 82 行.

[ 2016-07-22T10:12:13+08:00 ] 0.0.0.0 
INFO: [ route_check ] --START--
INFO: CheckRoute Behavior ::run [ RunTime:0.002000s ]
INFO: [ route_check ] --END-- [ RunTime:0.004000s ]
NOTIC: [8192] preg_replace(): The /e modifier is deprecated, use preg_replace_callback instead F:\English\service\ThinkPHP\Lib\Core\Dispatcher.class.php 第 132 行.
NOTIC: [8] Undefined index: REQUEST_URI F:\English\service\ThinkPHP\Lib\Core\Dispatcher.class.php 第 141 行.
NOTIC: [8] Undefined index: REQUEST_METHOD F:\English\service\ThinkPHP\Lib\Core\App.class.php 第 42 行.
INFO: [ app_begin ] --START--
INFO: ReadHtmlCache Behavior ::run [ RunTime:0.002000s ]
INFO: [ app_begin ] --END-- [ RunTime:0.002000s ]
NOTIC: [8] Undefined index: REQUEST_URI F:\English\service\ThinkPHP\Lib\Core\Log.class.php 第 82 行.

[ 2016-07-22T10:12:59+08:00 ] 0.0.0.0 
INFO: [ route_check ] --START--
INFO: CheckRoute Behavior ::run [ RunTime:0.002000s ]
INFO: [ route_check ] --END-- [ RunTime:0.003000s ]
NOTIC: [8192] preg_replace(): The /e modifier is deprecated, use preg_replace_callback instead F:\English\service\ThinkPHP\Lib\Core\Dispatcher.class.php 第 132 行.
NOTIC: [8] Undefined index: REQUEST_URI F:\English\service\ThinkPHP\Lib\Core\Dispatcher.class.php 第 141 行.
NOTIC: [8] Undefined index: REQUEST_METHOD F:\English\service\ThinkPHP\Lib\Core\App.class.php 第 42 行.
INFO: [ app_begin ] --START--
INFO: ReadHtmlCache Behavior ::run [ RunTime:0.003000s ]
INFO: [ app_begin ] --END-- [ RunTime:0.003000s ]
NOTIC: [8] Undefined index: REQUEST_URI F:\English\service\ThinkPHP\Lib\Core\Log.class.php 第 82 行.

[ 2016-07-22T10:13:15+08:00 ] 0.0.0.0 
INFO: [ route_check ] --START--
INFO: CheckRoute Behavior ::run [ RunTime:0.003000s ]
INFO: [ route_check ] --END-- [ RunTime:0.003000s ]
NOTIC: [8192] preg_replace(): The /e modifier is deprecated, use preg_replace_callback instead F:\English\service\ThinkPHP\Lib\Core\Dispatcher.class.php 第 132 行.
NOTIC: [8] Undefined index: REQUEST_URI F:\English\service\ThinkPHP\Lib\Core\Dispatcher.class.php 第 141 行.
NOTIC: [8] Undefined index: REQUEST_METHOD F:\English\service\ThinkPHP\Lib\Core\App.class.php 第 42 行.
INFO: [ app_begin ] --START--
INFO: ReadHtmlCache Behavior ::run [ RunTime:0.002000s ]
INFO: [ app_begin ] --END-- [ RunTime:0.002000s ]
NOTIC: [8] Undefined index: REQUEST_URI F:\English\service\ThinkPHP\Lib\Core\Log.class.php 第 82 行.

[ 2016-07-22T10:14:15+08:00 ] 0.0.0.0 
INFO: [ route_check ] --START--
INFO: CheckRoute Behavior ::run [ RunTime:0.003000s ]
INFO: [ route_check ] --END-- [ RunTime:0.003000s ]
NOTIC: [8192] preg_replace(): The /e modifier is deprecated, use preg_replace_callback instead F:\English\service\ThinkPHP\Lib\Core\Dispatcher.class.php 第 132 行.
NOTIC: [8] Undefined index: REQUEST_URI F:\English\service\ThinkPHP\Lib\Core\Dispatcher.class.php 第 141 行.
NOTIC: [8] Undefined index: REQUEST_METHOD F:\English\service\ThinkPHP\Lib\Core\App.class.php 第 42 行.
INFO: [ app_begin ] --START--
INFO: ReadHtmlCache Behavior ::run [ RunTime:0.002000s ]
INFO: [ app_begin ] --END-- [ RunTime:0.002000s ]
NOTIC: [8] Undefined index: REQUEST_URI F:\English\service\ThinkPHP\Lib\Core\Log.class.php 第 82 行.

[ 2016-07-22T10:14:18+08:00 ] 0.0.0.0 
INFO: [ route_check ] --START--
INFO: CheckRoute Behavior ::run [ RunTime:0.003000s ]
INFO: [ route_check ] --END-- [ RunTime:0.003000s ]
NOTIC: [8192] preg_replace(): The /e modifier is deprecated, use preg_replace_callback instead F:\English\service\ThinkPHP\Lib\Core\Dispatcher.class.php 第 132 行.
NOTIC: [8] Undefined index: REQUEST_URI F:\English\service\ThinkPHP\Lib\Core\Dispatcher.class.php 第 141 行.
NOTIC: [8] Undefined index: REQUEST_METHOD F:\English\service\ThinkPHP\Lib\Core\App.class.php 第 42 行.
INFO: [ app_begin ] --START--
INFO: ReadHtmlCache Behavior ::run [ RunTime:0.003000s ]
INFO: [ app_begin ] --END-- [ RunTime:0.003000s ]
NOTIC: [8] Undefined index: REQUEST_URI F:\English\service\ThinkPHP\Lib\Core\Log.class.php 第 82 行.

[ 2016-07-22T10:50:55+08:00 ] 0.0.0.0 
INFO: [ route_check ] --START--
INFO: CheckRoute Behavior ::run [ RunTime:0.007000s ]
INFO: [ route_check ] --END-- [ RunTime:0.007000s ]
NOTIC: [8192] preg_replace(): The /e modifier is deprecated, use preg_replace_callback instead F:\English\service\ThinkPHP\Lib\Core\Dispatcher.class.php 第 132 行.
NOTIC: [8] Undefined index: REQUEST_URI F:\English\service\ThinkPHP\Lib\Core\Dispatcher.class.php 第 141 行.
NOTIC: [8] Undefined index: REQUEST_METHOD F:\English\service\ThinkPHP\Lib\Core\App.class.php 第 42 行.
INFO: [ app_begin ] --START--
INFO: ReadHtmlCache Behavior ::run [ RunTime:0.003001s ]
INFO: [ app_begin ] --END-- [ RunTime:0.003001s ]
NOTIC: [8] Undefined index: REQUEST_URI F:\English\service\ThinkPHP\Lib\Core\Log.class.php 第 82 行.

[ 2016-07-22T10:50:59+08:00 ] 0.0.0.0 
INFO: [ route_check ] --START--
INFO: CheckRoute Behavior ::run [ RunTime:0.003000s ]
INFO: [ route_check ] --END-- [ RunTime:0.003000s ]
NOTIC: [8192] preg_replace(): The /e modifier is deprecated, use preg_replace_callback instead F:\English\service\ThinkPHP\Lib\Core\Dispatcher.class.php 第 132 行.
NOTIC: [8] Undefined index: REQUEST_URI F:\English\service\ThinkPHP\Lib\Core\Dispatcher.class.php 第 141 行.
NOTIC: [8] Undefined index: REQUEST_METHOD F:\English\service\ThinkPHP\Lib\Core\App.class.php 第 42 行.
INFO: [ app_begin ] --START--
INFO: ReadHtmlCache Behavior ::run [ RunTime:0.002000s ]
INFO: [ app_begin ] --END-- [ RunTime:0.002000s ]
NOTIC: [8] Undefined index: REQUEST_URI F:\English\service\ThinkPHP\Lib\Core\Log.class.php 第 82 行.

[ 2016-07-22T10:51:40+08:00 ] 0.0.0.0 
INFO: [ route_check ] --START--
INFO: CheckRoute Behavior ::run [ RunTime:0.002000s ]
INFO: [ route_check ] --END-- [ RunTime:0.002000s ]
NOTIC: [8192] preg_replace(): The /e modifier is deprecated, use preg_replace_callback instead F:\English\service\ThinkPHP\Lib\Core\Dispatcher.class.php 第 132 行.
NOTIC: [8] Undefined index: REQUEST_URI F:\English\service\ThinkPHP\Lib\Core\Dispatcher.class.php 第 141 行.
NOTIC: [8] Undefined index: REQUEST_METHOD F:\English\service\ThinkPHP\Lib\Core\App.class.php 第 42 行.
INFO: [ app_begin ] --START--
INFO: ReadHtmlCache Behavior ::run [ RunTime:0.002000s ]
INFO: [ app_begin ] --END-- [ RunTime:0.003000s ]
NOTIC: [8] Undefined index: REQUEST_URI F:\English\service\ThinkPHP\Lib\Core\Log.class.php 第 82 行.

[ 2016-07-22T10:56:05+08:00 ] 0.0.0.0 
INFO: [ route_check ] --START--
INFO: CheckRoute Behavior ::run [ RunTime:0.004001s ]
INFO: [ route_check ] --END-- [ RunTime:0.004001s ]
NOTIC: [8192] preg_replace(): The /e modifier is deprecated, use preg_replace_callback instead F:\English\service\ThinkPHP\Lib\Core\Dispatcher.class.php 第 132 行.
NOTIC: [8] Undefined index: REQUEST_URI F:\English\service\ThinkPHP\Lib\Core\Dispatcher.class.php 第 141 行.
NOTIC: [8] Undefined index: REQUEST_METHOD F:\English\service\ThinkPHP\Lib\Core\App.class.php 第 42 行.
INFO: [ app_begin ] --START--
INFO: ReadHtmlCache Behavior ::run [ RunTime:0.004000s ]
INFO: [ app_begin ] --END-- [ RunTime:0.004000s ]
NOTIC: [8] Undefined index: REQUEST_URI F:\English\service\ThinkPHP\Lib\Core\Log.class.php 第 82 行.

[ 2016-07-22T10:56:20+08:00 ] 0.0.0.0 
INFO: [ route_check ] --START--
INFO: CheckRoute Behavior ::run [ RunTime:0.002000s ]
INFO: [ route_check ] --END-- [ RunTime:0.002000s ]
NOTIC: [8192] preg_replace(): The /e modifier is deprecated, use preg_replace_callback instead F:\English\service\ThinkPHP\Lib\Core\Dispatcher.class.php 第 132 行.
NOTIC: [8] Undefined index: REQUEST_URI F:\English\service\ThinkPHP\Lib\Core\Dispatcher.class.php 第 141 行.
NOTIC: [8] Undefined index: REQUEST_METHOD F:\English\service\ThinkPHP\Lib\Core\App.class.php 第 42 行.
INFO: [ app_begin ] --START--
INFO: ReadHtmlCache Behavior ::run [ RunTime:0.003001s ]
INFO: [ app_begin ] --END-- [ RunTime:0.003001s ]
NOTIC: [8] Undefined index: REQUEST_URI F:\English\service\ThinkPHP\Lib\Core\Log.class.php 第 82 行.

[ 2016-07-22T10:58:56+08:00 ] 0.0.0.0 
INFO: [ route_check ] --START--
INFO: CheckRoute Behavior ::run [ RunTime:0.003000s ]
INFO: [ route_check ] --END-- [ RunTime:0.003000s ]
NOTIC: [8192] preg_replace(): The /e modifier is deprecated, use preg_replace_callback instead F:\English\service\ThinkPHP\Lib\Core\Dispatcher.class.php 第 132 行.
NOTIC: [8] Undefined index: REQUEST_URI F:\English\service\ThinkPHP\Lib\Core\Dispatcher.class.php 第 141 行.
NOTIC: [8] Undefined index: REQUEST_METHOD F:\English\service\ThinkPHP\Lib\Core\App.class.php 第 42 行.
INFO: [ app_begin ] --START--
INFO: ReadHtmlCache Behavior ::run [ RunTime:0.002001s ]
INFO: [ app_begin ] --END-- [ RunTime:0.002001s ]
NOTIC: [8] Undefined index: HTTP_RAW_POST_DATA F:\English\service\enlearn\Lib\Action\IndexAction.class.php 第 11 行.
NOTIC: [8] Undefined index: REQUEST_URI F:\English\service\ThinkPHP\Lib\Core\Log.class.php 第 82 行.

[ 2016-07-22T11:00:30+08:00 ] 0.0.0.0 
INFO: [ route_check ] --START--
INFO: CheckRoute Behavior ::run [ RunTime:0.003000s ]
INFO: [ route_check ] --END-- [ RunTime:0.003000s ]
NOTIC: [8192] preg_replace(): The /e modifier is deprecated, use preg_replace_callback instead F:\English\service\ThinkPHP\Lib\Core\Dispatcher.class.php 第 132 行.
NOTIC: [8] Undefined index: REQUEST_URI F:\English\service\ThinkPHP\Lib\Core\Dispatcher.class.php 第 141 行.
NOTIC: [8] Undefined index: REQUEST_METHOD F:\English\service\ThinkPHP\Lib\Core\App.class.php 第 42 行.
INFO: [ app_begin ] --START--
INFO: ReadHtmlCache Behavior ::run [ RunTime:0.002000s ]
INFO: [ app_begin ] --END-- [ RunTime:0.002000s ]
NOTIC: [8] Undefined index: HTTP_RAW_POST_DATA F:\English\service\enlearn\Lib\Action\IndexAction.class.php 第 11 行.
NOTIC: [8] Undefined index: REQUEST_URI F:\English\service\ThinkPHP\Lib\Core\Log.class.php 第 82 行.

[ 2016-07-22T11:00:33+08:00 ] 0.0.0.0 
INFO: [ route_check ] --START--
INFO: CheckRoute Behavior ::run [ RunTime:0.003000s ]
INFO: [ route_check ] --END-- [ RunTime:0.003000s ]
NOTIC: [8192] preg_replace(): The /e modifier is deprecated, use preg_replace_callback instead F:\English\service\ThinkPHP\Lib\Core\Dispatcher.class.php 第 132 行.
NOTIC: [8] Undefined index: REQUEST_URI F:\English\service\ThinkPHP\Lib\Core\Dispatcher.class.php 第 141 行.
NOTIC: [8] Undefined index: REQUEST_METHOD F:\English\service\ThinkPHP\Lib\Core\App.class.php 第 42 行.
INFO: [ app_begin ] --START--
INFO: ReadHtmlCache Behavior ::run [ RunTime:0.002000s ]
INFO: [ app_begin ] --END-- [ RunTime:0.002000s ]
NOTIC: [8] Undefined index: HTTP_RAW_POST_DATA F:\English\service\enlearn\Lib\Action\IndexAction.class.php 第 11 行.
NOTIC: [8] Undefined index: REQUEST_URI F:\English\service\ThinkPHP\Lib\Core\Log.class.php 第 82 行.

[ 2016-07-22T11:14:01+08:00 ] 0.0.0.0 
INFO: [ route_check ] --START--
INFO: CheckRoute Behavior ::run [ RunTime:0.004000s ]
INFO: [ route_check ] --END-- [ RunTime:0.004000s ]
NOTIC: [8192] preg_replace(): The /e modifier is deprecated, use preg_replace_callback instead F:\English\service\ThinkPHP\Lib\Core\Dispatcher.class.php 第 132 行.
NOTIC: [8] Undefined index: REQUEST_URI F:\English\service\ThinkPHP\Lib\Core\Dispatcher.class.php 第 141 行.
NOTIC: [8] Undefined index: REQUEST_METHOD F:\English\service\ThinkPHP\Lib\Core\App.class.php 第 42 行.
INFO: [ app_begin ] --START--
INFO: ReadHtmlCache Behavior ::run [ RunTime:0.002001s ]
INFO: [ app_begin ] --END-- [ RunTime:0.002001s ]
NOTIC: [8] Undefined index: HTTP_RAW_POST_DATA F:\English\service\enlearn\Lib\Action\IndexAction.class.php 第 11 行.
NOTIC: [8] Undefined index: REQUEST_URI F:\English\service\ThinkPHP\Lib\Core\Log.class.php 第 82 行.

[ 2016-07-22T11:15:47+08:00 ] 0.0.0.0 
INFO: [ route_check ] --START--
INFO: CheckRoute Behavior ::run [ RunTime:0.003000s ]
INFO: [ route_check ] --END-- [ RunTime:0.003000s ]
NOTIC: [8192] preg_replace(): The /e modifier is deprecated, use preg_replace_callback instead F:\English\service\ThinkPHP\Lib\Core\Dispatcher.class.php 第 132 行.
NOTIC: [8] Undefined index: REQUEST_URI F:\English\service\ThinkPHP\Lib\Core\Dispatcher.class.php 第 141 行.
NOTIC: [8] Undefined index: REQUEST_METHOD F:\English\service\ThinkPHP\Lib\Core\App.class.php 第 42 行.
INFO: [ app_begin ] --START--
INFO: ReadHtmlCache Behavior ::run [ RunTime:0.002000s ]
INFO: [ app_begin ] --END-- [ RunTime:0.002000s ]
NOTIC: [8] Undefined index: HTTP_RAW_POST_DATA F:\English\service\enlearn\Lib\Action\IndexAction.class.php 第 11 行.
NOTIC: 建议使用I方法替代_post
NOTIC: [8] Undefined index: REQUEST_URI F:\English\service\ThinkPHP\Lib\Core\Log.class.php 第 82 行.

[ 2016-07-22T11:19:04+08:00 ] 0.0.0.0 
INFO: [ route_check ] --START--
INFO: CheckRoute Behavior ::run [ RunTime:0.005000s ]
INFO: [ route_check ] --END-- [ RunTime:0.005000s ]
NOTIC: [8192] preg_replace(): The /e modifier is deprecated, use preg_replace_callback instead F:\English\service\ThinkPHP\Lib\Core\Dispatcher.class.php 第 132 行.
NOTIC: [8] Undefined index: REQUEST_URI F:\English\service\ThinkPHP\Lib\Core\Dispatcher.class.php 第 141 行.
NOTIC: [8] Undefined index: REQUEST_METHOD F:\English\service\ThinkPHP\Lib\Core\App.class.php 第 42 行.
INFO: [ app_begin ] --START--
INFO: ReadHtmlCache Behavior ::run [ RunTime:0.003001s ]
INFO: [ app_begin ] --END-- [ RunTime:0.003001s ]
NOTIC: 建议使用I方法替代_post
NOTIC: [8] Undefined index: REQUEST_URI F:\English\service\ThinkPHP\Lib\Core\Log.class.php 第 82 行.

[ 2016-07-22T11:19:09+08:00 ] 0.0.0.0 
INFO: [ route_check ] --START--
INFO: CheckRoute Behavior ::run [ RunTime:0.007000s ]
INFO: [ route_check ] --END-- [ RunTime:0.007000s ]
NOTIC: [8192] preg_replace(): The /e modifier is deprecated, use preg_replace_callback instead F:\English\service\ThinkPHP\Lib\Core\Dispatcher.class.php 第 132 行.
NOTIC: [8] Undefined index: REQUEST_URI F:\English\service\ThinkPHP\Lib\Core\Dispatcher.class.php 第 141 行.
NOTIC: [8] Undefined index: REQUEST_METHOD F:\English\service\ThinkPHP\Lib\Core\App.class.php 第 42 行.
INFO: [ app_begin ] --START--
INFO: ReadHtmlCache Behavior ::run [ RunTime:0.002001s ]
INFO: [ app_begin ] --END-- [ RunTime:0.002001s ]
NOTIC: 建议使用I方法替代_post
NOTIC: [8] Undefined index: REQUEST_URI F:\English\service\ThinkPHP\Lib\Core\Log.class.php 第 82 行.

[ 2016-07-22T11:19:12+08:00 ] 0.0.0.0 
INFO: [ route_check ] --START--
INFO: CheckRoute Behavior ::run [ RunTime:0.003000s ]
INFO: [ route_check ] --END-- [ RunTime:0.003000s ]
NOTIC: [8192] preg_replace(): The /e modifier is deprecated, use preg_replace_callback instead F:\English\service\ThinkPHP\Lib\Core\Dispatcher.class.php 第 132 行.
NOTIC: [8] Undefined index: REQUEST_URI F:\English\service\ThinkPHP\Lib\Core\Dispatcher.class.php 第 141 行.
NOTIC: [8] Undefined index: REQUEST_METHOD F:\English\service\ThinkPHP\Lib\Core\App.class.php 第 42 行.
INFO: [ app_begin ] --START--
INFO: ReadHtmlCache Behavior ::run [ RunTime:0.002000s ]
INFO: [ app_begin ] --END-- [ RunTime:0.002000s ]
NOTIC: 建议使用I方法替代_post
NOTIC: [8] Undefined index: REQUEST_URI F:\English\service\ThinkPHP\Lib\Core\Log.class.php 第 82 行.

[ 2016-07-22T11:20:43+08:00 ] 0.0.0.0 
INFO: [ route_check ] --START--
INFO: CheckRoute Behavior ::run [ RunTime:0.003000s ]
INFO: [ route_check ] --END-- [ RunTime:0.003000s ]
NOTIC: [8192] preg_replace(): The /e modifier is deprecated, use preg_replace_callback instead F:\English\service\ThinkPHP\Lib\Core\Dispatcher.class.php 第 132 行.
NOTIC: [8] Undefined index: REQUEST_URI F:\English\service\ThinkPHP\Lib\Core\Dispatcher.class.php 第 141 行.
NOTIC: [8] Undefined index: REQUEST_METHOD F:\English\service\ThinkPHP\Lib\Core\App.class.php 第 42 行.
INFO: [ app_begin ] --START--
INFO: ReadHtmlCache Behavior ::run [ RunTime:0.003000s ]
INFO: [ app_begin ] --END-- [ RunTime:0.003000s ]
NOTIC: 建议使用I方法替代_post
NOTIC: [8] Undefined index: REQUEST_URI F:\English\service\ThinkPHP\Lib\Core\Log.class.php 第 82 行.

[ 2016-07-22T11:21:02+08:00 ] 0.0.0.0 
INFO: [ route_check ] --START--
INFO: CheckRoute Behavior ::run [ RunTime:0.015600s ]
INFO: [ route_check ] --END-- [ RunTime:0.015600s ]
NOTIC: [8192] preg_replace(): The /e modifier is deprecated, use preg_replace_callback instead F:\English\service\ThinkPHP\Lib\Core\Dispatcher.class.php 第 132 行.
NOTIC: [8] Undefined index: REQUEST_URI F:\English\service\ThinkPHP\Lib\Core\Dispatcher.class.php 第 141 行.
NOTIC: [8] Undefined index: REQUEST_METHOD F:\English\service\ThinkPHP\Lib\Core\App.class.php 第 42 行.
INFO: [ app_begin ] --START--
INFO: ReadHtmlCache Behavior ::run [ RunTime:0.000000s ]
INFO: [ app_begin ] --END-- [ RunTime:0.000000s ]
NOTIC: 建议使用I方法替代_post
NOTIC: [8] Undefined index: REQUEST_URI F:\English\service\ThinkPHP\Lib\Core\Log.class.php 第 82 行.

[ 2016-07-22T11:25:39+08:00 ] 0.0.0.0 
INFO: [ route_check ] --START--
INFO: CheckRoute Behavior ::run [ RunTime:0.004001s ]
INFO: [ route_check ] --END-- [ RunTime:0.004001s ]
NOTIC: [8192] preg_replace(): The /e modifier is deprecated, use preg_replace_callback instead F:\English\service\ThinkPHP\Lib\Core\Dispatcher.class.php 第 132 行.
NOTIC: [8] Undefined index: REQUEST_URI F:\English\service\ThinkPHP\Lib\Core\Dispatcher.class.php 第 141 行.
NOTIC: [8] Undefined index: REQUEST_METHOD F:\English\service\ThinkPHP\Lib\Core\App.class.php 第 42 行.
INFO: [ app_begin ] --START--
INFO: ReadHtmlCache Behavior ::run [ RunTime:0.002000s ]
INFO: [ app_begin ] --END-- [ RunTime:0.002000s ]
NOTIC: 建议使用I方法替代_post
NOTIC: [8] Undefined index: REQUEST_URI F:\English\service\ThinkPHP\Lib\Core\Log.class.php 第 82 行.

