[ 2016-07-21T17:54:43+08:00 ] 0.0.0.0 
INFO: [ route_check ] --START--
INFO: CheckRoute Behavior ::run [ RunTime:0.003000s ]
INFO: [ route_check ] --END-- [ RunTime:0.003000s ]
NOTIC: [8192] preg_replace(): The /e modifier is deprecated, use preg_replace_callback instead F:\English\service\ThinkPHP\Lib\Core\Dispatcher.class.php 第 132 行.
NOTIC: [8] Undefined index: REQUEST_URI F:\English\service\ThinkPHP\Lib\Core\Dispatcher.class.php 第 141 行.
NOTIC: [8] Undefined index: REQUEST_METHOD F:\English\service\ThinkPHP\Lib\Core\App.class.php 第 42 行.
INFO: [ app_begin ] --START--
INFO: ReadHtmlCache Behavior ::run [ RunTime:0.002000s ]
INFO: [ app_begin ] --END-- [ RunTime:0.002000s ]
NOTIC: 建议使用I方法替代_post
NOTIC: [8] Undefined index: REQUEST_URI F:\English\service\ThinkPHP\Lib\Core\Log.class.php 第 82 行.

[ 2016-07-21T17:56:27+08:00 ] 0.0.0.0 
INFO: [ route_check ] --START--
INFO: CheckRoute Behavior ::run [ RunTime:0.002000s ]
INFO: [ route_check ] --END-- [ RunTime:0.002000s ]
NOTIC: [8192] preg_replace(): The /e modifier is deprecated, use preg_replace_callback instead F:\English\service\ThinkPHP\Lib\Core\Dispatcher.class.php 第 132 行.
NOTIC: [8] Undefined index: REQUEST_URI F:\English\service\ThinkPHP\Lib\Core\Dispatcher.class.php 第 141 行.
NOTIC: [8] Undefined index: REQUEST_METHOD F:\English\service\ThinkPHP\Lib\Core\App.class.php 第 42 行.
INFO: [ app_begin ] --START--
INFO: ReadHtmlCache Behavior ::run [ RunTime:0.002000s ]
INFO: [ app_begin ] --END-- [ RunTime:0.002000s ]
NOTIC: 建议使用I方法替代_post
NOTIC: [8] Undefined index: REQUEST_URI F:\English\service\ThinkPHP\Lib\Core\Log.class.php 第 82 行.

[ 2016-07-21T17:56:39+08:00 ] 0.0.0.0 
INFO: [ route_check ] --START--
INFO: CheckRoute Behavior ::run [ RunTime:0.002000s ]
INFO: [ route_check ] --END-- [ RunTime:0.002000s ]
NOTIC: [8192] preg_replace(): The /e modifier is deprecated, use preg_replace_callback instead F:\English\service\ThinkPHP\Lib\Core\Dispatcher.class.php 第 132 行.
NOTIC: [8] Undefined index: REQUEST_URI F:\English\service\ThinkPHP\Lib\Core\Dispatcher.class.php 第 141 行.
NOTIC: [8] Undefined index: REQUEST_METHOD F:\English\service\ThinkPHP\Lib\Core\App.class.php 第 42 行.
INFO: [ app_begin ] --START--
INFO: ReadHtmlCache Behavior ::run [ RunTime:0.002000s ]
INFO: [ app_begin ] --END-- [ RunTime:0.002000s ]
NOTIC: 建议使用I方法替代_post
NOTIC: [8] Undefined index: REQUEST_URI F:\English\service\ThinkPHP\Lib\Core\Log.class.php 第 82 行.

[ 2016-07-21T17:57:24+08:00 ] 0.0.0.0 
INFO: [ route_check ] --START--
INFO: CheckRoute Behavior ::run [ RunTime:0.003000s ]
INFO: [ route_check ] --END-- [ RunTime:0.004000s ]
NOTIC: [8192] preg_replace(): The /e modifier is deprecated, use preg_replace_callback instead F:\English\service\ThinkPHP\Lib\Core\Dispatcher.class.php 第 132 行.
NOTIC: [8] Undefined index: REQUEST_URI F:\English\service\ThinkPHP\Lib\Core\Dispatcher.class.php 第 141 行.
NOTIC: [8] Undefined index: REQUEST_METHOD F:\English\service\ThinkPHP\Lib\Core\App.class.php 第 42 行.
INFO: [ app_begin ] --START--
INFO: ReadHtmlCache Behavior ::run [ RunTime:0.002000s ]
INFO: [ app_begin ] --END-- [ RunTime:0.002000s ]
NOTIC: [8] Undefined index: REQUEST_URI F:\English\service\ThinkPHP\Lib\Core\Log.class.php 第 82 行.

[ 2016-07-21T18:00:01+08:00 ] 0.0.0.0 
INFO: [ route_check ] --START--
INFO: CheckRoute Behavior ::run [ RunTime:0.003000s ]
INFO: [ route_check ] --END-- [ RunTime:0.003000s ]
NOTIC: [8192] preg_replace(): The /e modifier is deprecated, use preg_replace_callback instead F:\English\service\ThinkPHP\Lib\Core\Dispatcher.class.php 第 132 行.
NOTIC: [8] Undefined index: REQUEST_URI F:\English\service\ThinkPHP\Lib\Core\Dispatcher.class.php 第 141 行.
NOTIC: [8] Undefined index: REQUEST_METHOD F:\English\service\ThinkPHP\Lib\Core\App.class.php 第 42 行.
INFO: [ app_begin ] --START--
INFO: ReadHtmlCache Behavior ::run [ RunTime:0.002000s ]
INFO: [ app_begin ] --END-- [ RunTime:0.002000s ]
NOTIC: [8] Undefined index: REQUEST_URI F:\English\service\ThinkPHP\Lib\Core\Log.class.php 第 82 行.

[ 2016-07-21T18:00:18+08:00 ] 0.0.0.0 
INFO: [ route_check ] --START--
INFO: CheckRoute Behavior ::run [ RunTime:0.003001s ]
INFO: [ route_check ] --END-- [ RunTime:0.003001s ]
NOTIC: [8192] preg_replace(): The /e modifier is deprecated, use preg_replace_callback instead F:\English\service\ThinkPHP\Lib\Core\Dispatcher.class.php 第 132 行.
NOTIC: [8] Undefined index: REQUEST_URI F:\English\service\ThinkPHP\Lib\Core\Dispatcher.class.php 第 141 行.
NOTIC: [8] Undefined index: REQUEST_METHOD F:\English\service\ThinkPHP\Lib\Core\App.class.php 第 42 行.
INFO: [ app_begin ] --START--
INFO: ReadHtmlCache Behavior ::run [ RunTime:0.002000s ]
INFO: [ app_begin ] --END-- [ RunTime:0.002000s ]
NOTIC: [8] Undefined index: REQUEST_URI F:\English\service\ThinkPHP\Lib\Core\Log.class.php 第 82 行.

[ 2016-07-21T18:04:41+08:00 ] 0.0.0.0 
INFO: [ route_check ] --START--
INFO: CheckRoute Behavior ::run [ RunTime:0.005000s ]
INFO: [ route_check ] --END-- [ RunTime:0.005000s ]
NOTIC: [8192] preg_replace(): The /e modifier is deprecated, use preg_replace_callback instead F:\English\service\ThinkPHP\Lib\Core\Dispatcher.class.php 第 132 行.
NOTIC: [8] Undefined index: REQUEST_URI F:\English\service\ThinkPHP\Lib\Core\Dispatcher.class.php 第 141 行.
NOTIC: [8] Undefined index: REQUEST_METHOD F:\English\service\ThinkPHP\Lib\Core\App.class.php 第 42 行.
INFO: [ app_begin ] --START--
INFO: ReadHtmlCache Behavior ::run [ RunTime:0.003001s ]
INFO: [ app_begin ] --END-- [ RunTime:0.003001s ]
NOTIC: [8] Undefined index: REQUEST_URI F:\English\service\ThinkPHP\Lib\Core\Log.class.php 第 82 行.

[ 2016-07-21T18:04:50+08:00 ] 0.0.0.0 
INFO: [ route_check ] --START--
INFO: CheckRoute Behavior ::run [ RunTime:0.003000s ]
INFO: [ route_check ] --END-- [ RunTime:0.003000s ]
NOTIC: [8192] preg_replace(): The /e modifier is deprecated, use preg_replace_callback instead F:\English\service\ThinkPHP\Lib\Core\Dispatcher.class.php 第 132 行.
NOTIC: [8] Undefined index: REQUEST_URI F:\English\service\ThinkPHP\Lib\Core\Dispatcher.class.php 第 141 行.
NOTIC: [8] Undefined index: REQUEST_METHOD F:\English\service\ThinkPHP\Lib\Core\App.class.php 第 42 行.
INFO: [ app_begin ] --START--
INFO: ReadHtmlCache Behavior ::run [ RunTime:0.002000s ]
INFO: [ app_begin ] --END-- [ RunTime:0.002000s ]
NOTIC: [8] Undefined index: REQUEST_URI F:\English\service\ThinkPHP\Lib\Core\Log.class.php 第 82 行.

[ 2016-07-21T18:05:24+08:00 ] 0.0.0.0 
INFO: [ route_check ] --START--
INFO: CheckRoute Behavior ::run [ RunTime:0.003000s ]
INFO: [ route_check ] --END-- [ RunTime:0.003000s ]
NOTIC: [8192] preg_replace(): The /e modifier is deprecated, use preg_replace_callback instead F:\English\service\ThinkPHP\Lib\Core\Dispatcher.class.php 第 132 行.
NOTIC: [8] Undefined index: REQUEST_URI F:\English\service\ThinkPHP\Lib\Core\Dispatcher.class.php 第 141 行.
NOTIC: [8] Undefined index: REQUEST_METHOD F:\English\service\ThinkPHP\Lib\Core\App.class.php 第 42 行.
INFO: [ app_begin ] --START--
INFO: ReadHtmlCache Behavior ::run [ RunTime:0.003000s ]
INFO: [ app_begin ] --END-- [ RunTime:0.003000s ]
NOTIC: [8] Undefined index: REQUEST_URI F:\English\service\ThinkPHP\Lib\Core\Log.class.php 第 82 行.

[ 2016-07-21T18:06:47+08:00 ] 0.0.0.0 
INFO: [ route_check ] --START--
INFO: CheckRoute Behavior ::run [ RunTime:0.004000s ]
INFO: [ route_check ] --END-- [ RunTime:0.004000s ]
NOTIC: [8192] preg_replace(): The /e modifier is deprecated, use preg_replace_callback instead F:\English\service\ThinkPHP\Lib\Core\Dispatcher.class.php 第 132 行.
NOTIC: [8] Undefined index: REQUEST_URI F:\English\service\ThinkPHP\Lib\Core\Dispatcher.class.php 第 141 行.
NOTIC: [8] Undefined index: REQUEST_METHOD F:\English\service\ThinkPHP\Lib\Core\App.class.php 第 42 行.
INFO: [ app_begin ] --START--
INFO: ReadHtmlCache Behavior ::run [ RunTime:0.002000s ]
INFO: [ app_begin ] --END-- [ RunTime:0.002000s ]
NOTIC: [8] Undefined index: REQUEST_URI F:\English\service\ThinkPHP\Lib\Core\Log.class.php 第 82 行.

[ 2016-07-21T18:06:58+08:00 ] 0.0.0.0 
INFO: [ route_check ] --START--
INFO: CheckRoute Behavior ::run [ RunTime:0.004000s ]
INFO: [ route_check ] --END-- [ RunTime:0.004000s ]
NOTIC: [8192] preg_replace(): The /e modifier is deprecated, use preg_replace_callback instead F:\English\service\ThinkPHP\Lib\Core\Dispatcher.class.php 第 132 行.
NOTIC: [8] Undefined index: REQUEST_URI F:\English\service\ThinkPHP\Lib\Core\Dispatcher.class.php 第 141 行.
NOTIC: [8] Undefined index: REQUEST_METHOD F:\English\service\ThinkPHP\Lib\Core\App.class.php 第 42 行.
INFO: [ app_begin ] --START--
INFO: ReadHtmlCache Behavior ::run [ RunTime:0.002000s ]
INFO: [ app_begin ] --END-- [ RunTime:0.002000s ]
NOTIC: [8] Undefined index: REQUEST_URI F:\English\service\ThinkPHP\Lib\Core\Log.class.php 第 82 行.

[ 2016-07-21T18:07:00+08:00 ] 0.0.0.0 
INFO: [ route_check ] --START--
INFO: CheckRoute Behavior ::run [ RunTime:0.002000s ]
INFO: [ route_check ] --END-- [ RunTime:0.002000s ]
NOTIC: [8192] preg_replace(): The /e modifier is deprecated, use preg_replace_callback instead F:\English\service\ThinkPHP\Lib\Core\Dispatcher.class.php 第 132 行.
NOTIC: [8] Undefined index: REQUEST_URI F:\English\service\ThinkPHP\Lib\Core\Dispatcher.class.php 第 141 行.
NOTIC: [8] Undefined index: REQUEST_METHOD F:\English\service\ThinkPHP\Lib\Core\App.class.php 第 42 行.
INFO: [ app_begin ] --START--
INFO: ReadHtmlCache Behavior ::run [ RunTime:0.002000s ]
INFO: [ app_begin ] --END-- [ RunTime:0.003000s ]
NOTIC: [8] Undefined index: REQUEST_URI F:\English\service\ThinkPHP\Lib\Core\Log.class.php 第 82 行.

[ 2016-07-21T18:08:28+08:00 ] 0.0.0.0 
INFO: [ route_check ] --START--
INFO: CheckRoute Behavior ::run [ RunTime:0.002000s ]
INFO: [ route_check ] --END-- [ RunTime:0.003000s ]
NOTIC: [8192] preg_replace(): The /e modifier is deprecated, use preg_replace_callback instead F:\English\service\ThinkPHP\Lib\Core\Dispatcher.class.php 第 132 行.
NOTIC: [8] Undefined index: REQUEST_URI F:\English\service\ThinkPHP\Lib\Core\Dispatcher.class.php 第 141 行.
NOTIC: [8] Undefined index: REQUEST_METHOD F:\English\service\ThinkPHP\Lib\Core\App.class.php 第 42 行.
INFO: [ app_begin ] --START--
INFO: ReadHtmlCache Behavior ::run [ RunTime:0.002000s ]
INFO: [ app_begin ] --END-- [ RunTime:0.002000s ]
NOTIC: [8] Undefined index: REQUEST_URI F:\English\service\ThinkPHP\Lib\Core\Log.class.php 第 82 行.

[ 2016-07-21T18:08:54+08:00 ] 0.0.0.0 
INFO: [ route_check ] --START--
INFO: CheckRoute Behavior ::run [ RunTime:0.004000s ]
INFO: [ route_check ] --END-- [ RunTime:0.004000s ]
NOTIC: [8192] preg_replace(): The /e modifier is deprecated, use preg_replace_callback instead F:\English\service\ThinkPHP\Lib\Core\Dispatcher.class.php 第 132 行.
NOTIC: [8] Undefined index: REQUEST_URI F:\English\service\ThinkPHP\Lib\Core\Dispatcher.class.php 第 141 行.
NOTIC: [8] Undefined index: REQUEST_METHOD F:\English\service\ThinkPHP\Lib\Core\App.class.php 第 42 行.
INFO: [ app_begin ] --START--
INFO: ReadHtmlCache Behavior ::run [ RunTime:0.002000s ]
INFO: [ app_begin ] --END-- [ RunTime:0.002000s ]
NOTIC: [8] Undefined index: REQUEST_URI F:\English\service\ThinkPHP\Lib\Core\Log.class.php 第 82 行.

[ 2016-07-21T18:08:56+08:00 ] 0.0.0.0 
INFO: [ route_check ] --START--
INFO: CheckRoute Behavior ::run [ RunTime:0.003001s ]
INFO: [ route_check ] --END-- [ RunTime:0.003001s ]
NOTIC: [8192] preg_replace(): The /e modifier is deprecated, use preg_replace_callback instead F:\English\service\ThinkPHP\Lib\Core\Dispatcher.class.php 第 132 行.
NOTIC: [8] Undefined index: REQUEST_URI F:\English\service\ThinkPHP\Lib\Core\Dispatcher.class.php 第 141 行.
NOTIC: [8] Undefined index: REQUEST_METHOD F:\English\service\ThinkPHP\Lib\Core\App.class.php 第 42 行.
INFO: [ app_begin ] --START--
INFO: ReadHtmlCache Behavior ::run [ RunTime:0.002000s ]
INFO: [ app_begin ] --END-- [ RunTime:0.002000s ]
NOTIC: [8] Undefined index: REQUEST_URI F:\English\service\ThinkPHP\Lib\Core\Log.class.php 第 82 行.

[ 2016-07-21T18:09:08+08:00 ] 0.0.0.0 
INFO: [ route_check ] --START--
INFO: CheckRoute Behavior ::run [ RunTime:0.004001s ]
INFO: [ route_check ] --END-- [ RunTime:0.004001s ]
NOTIC: [8192] preg_replace(): The /e modifier is deprecated, use preg_replace_callback instead F:\English\service\ThinkPHP\Lib\Core\Dispatcher.class.php 第 132 行.
NOTIC: [8] Undefined index: REQUEST_URI F:\English\service\ThinkPHP\Lib\Core\Dispatcher.class.php 第 141 行.
NOTIC: [8] Undefined index: REQUEST_METHOD F:\English\service\ThinkPHP\Lib\Core\App.class.php 第 42 行.
INFO: [ app_begin ] --START--
INFO: ReadHtmlCache Behavior ::run [ RunTime:0.005000s ]
INFO: [ app_begin ] --END-- [ RunTime:0.005000s ]
NOTIC: [8] Undefined index: REQUEST_URI F:\English\service\ThinkPHP\Lib\Core\Log.class.php 第 82 行.

[ 2016-07-21T18:09:23+08:00 ] 0.0.0.0 
INFO: [ route_check ] --START--
INFO: CheckRoute Behavior ::run [ RunTime:0.003001s ]
INFO: [ route_check ] --END-- [ RunTime:0.003001s ]
NOTIC: [8192] preg_replace(): The /e modifier is deprecated, use preg_replace_callback instead F:\English\service\ThinkPHP\Lib\Core\Dispatcher.class.php 第 132 行.
NOTIC: [8] Undefined index: REQUEST_URI F:\English\service\ThinkPHP\Lib\Core\Dispatcher.class.php 第 141 行.
NOTIC: [8] Undefined index: REQUEST_METHOD F:\English\service\ThinkPHP\Lib\Core\App.class.php 第 42 行.
INFO: [ app_begin ] --START--
INFO: ReadHtmlCache Behavior ::run [ RunTime:0.002000s ]
INFO: [ app_begin ] --END-- [ RunTime:0.002000s ]
NOTIC: [8] Undefined index: REQUEST_URI F:\English\service\ThinkPHP\Lib\Core\Log.class.php 第 82 行.

[ 2016-07-21T18:09:46+08:00 ] 0.0.0.0 
INFO: [ route_check ] --START--
INFO: CheckRoute Behavior ::run [ RunTime:0.002000s ]
INFO: [ route_check ] --END-- [ RunTime:0.002000s ]
NOTIC: [8192] preg_replace(): The /e modifier is deprecated, use preg_replace_callback instead F:\English\service\ThinkPHP\Lib\Core\Dispatcher.class.php 第 132 行.
NOTIC: [8] Undefined index: REQUEST_URI F:\English\service\ThinkPHP\Lib\Core\Dispatcher.class.php 第 141 行.
NOTIC: [8] Undefined index: REQUEST_METHOD F:\English\service\ThinkPHP\Lib\Core\App.class.php 第 42 行.
INFO: [ app_begin ] --START--
INFO: ReadHtmlCache Behavior ::run [ RunTime:0.002000s ]
INFO: [ app_begin ] --END-- [ RunTime:0.002000s ]
NOTIC: [8] Undefined index: REQUEST_URI F:\English\service\ThinkPHP\Lib\Core\Log.class.php 第 82 行.

[ 2016-07-21T18:10:40+08:00 ] 0.0.0.0 
INFO: [ route_check ] --START--
INFO: CheckRoute Behavior ::run [ RunTime:0.002000s ]
INFO: [ route_check ] --END-- [ RunTime:0.003000s ]
NOTIC: [8192] preg_replace(): The /e modifier is deprecated, use preg_replace_callback instead F:\English\service\ThinkPHP\Lib\Core\Dispatcher.class.php 第 132 行.
NOTIC: [8] Undefined index: REQUEST_URI F:\English\service\ThinkPHP\Lib\Core\Dispatcher.class.php 第 141 行.
NOTIC: [8] Undefined index: REQUEST_METHOD F:\English\service\ThinkPHP\Lib\Core\App.class.php 第 42 行.
INFO: [ app_begin ] --START--
INFO: ReadHtmlCache Behavior ::run [ RunTime:0.002000s ]
INFO: [ app_begin ] --END-- [ RunTime:0.002000s ]
NOTIC: [8] Undefined index: REQUEST_URI F:\English\service\ThinkPHP\Lib\Core\Log.class.php 第 82 行.

